<?xml version="1.0" encoding="UTF-8"?>
<testng-results ignored="0" total="1" passed="1" failed="0" skipped="0">
  <reporter-output>
  </reporter-output>
  <suite started-at="2026-02-19T20:18:25 IST" name="Default suite" finished-at="2026-02-19T20:18:28 IST" duration-ms="2523">
    <groups>
    </groups>
    <test started-at="2026-02-19T20:18:25 IST" name="Default test" finished-at="2026-02-19T20:18:28 IST" duration-ms="2523">
      <class name="dev.TestNgTest">
        <test-method signature="welcome()[pri:0, instance:dev.TestNgTest@799f10e1]" started-at="2026-02-19T20:18:25 IST" name="welcome" finished-at="2026-02-19T20:18:28 IST" duration-ms="2475" status="PASS">
          <reporter-output>
          </reporter-output>
        </test-method> <!-- welcome -->
      </class> <!-- dev.TestNgTest -->
    </test> <!-- Default test -->
  </suite> <!-- Default suite -->
</testng-results>
